<?xml version="1.0" encoding="UTF-8"?>
<testsuite xmlns:xsi="http://www.w3.org/2001/XMLSchema-instance" xsi:noNamespaceSchemaLocation="https://maven.apache.org/surefire/maven-surefire-plugin/xsd/surefire-test-report-3.0.xsd" version="3.0" name="dev.mygroup.LibraryTest" time="0.099" tests="15" errors="0" skipped="0" failures="0">
  <properties>
    <property name="java.specification.version" value="21"/>
    <property name="sun.cpu.isalist" value="amd64"/>
    <property name="sun.jnu.encoding" value="Cp1252"/>
    <property name="java.class.path" value="C:\Users\Dator\Git\Group\groupAssignmentJUnitTest\target\test-classes;C:\Users\Dator\Git\Group\groupAssignmentJUnitTest\target\classes;C:\Users\Dator\.m2\repository\junit\junit\4.13.2\junit-4.13.2.jar;C:\Users\Dator\.m2\repository\org\hamcrest\hamcrest-core\1.3\hamcrest-core-1.3.jar;"/>
    <property name="java.vm.vendor" value="Oracle Corporation"/>
    <property name="sun.arch.data.model" value="64"/>
    <property name="user.variant" value=""/>
    <property name="java.vendor.url" value="https://java.oracle.com/"/>
    <property name="user.timezone" value="Europe/Stockholm"/>
    <property name="os.name" value="Windows 11"/>
    <property name="java.vm.specification.version" value="21"/>
    <property name="user.country" value="US"/>
    <property name="sun.java.launcher" value="SUN_STANDARD"/>
    <property name="sun.boot.library.path" value="C:\Program Files\Java\jdk-21\bin"/>
    <property name="sun.java.command" value="C:\Users\Dator\AppData\Local\Temp\surefire12181922471397096089\surefirebooter-20251014162847327_3.jar C:\Users\Dator\AppData\Local\Temp\surefire12181922471397096089 2025-10-14T16-28-47_215-jvmRun1 surefire-20251014162847327_1tmp surefire_0-20251014162847327_2tmp"/>
    <property name="jdk.debug" value="release"/>
    <property name="test" value="dev.mygroup.LibraryTest"/>
    <property name="surefire.test.class.path" value="C:\Users\Dator\Git\Group\groupAssignmentJUnitTest\target\test-classes;C:\Users\Dator\Git\Group\groupAssignmentJUnitTest\target\classes;C:\Users\Dator\.m2\repository\junit\junit\4.13.2\junit-4.13.2.jar;C:\Users\Dator\.m2\repository\org\hamcrest\hamcrest-core\1.3\hamcrest-core-1.3.jar;"/>
    <property name="sun.cpu.endian" value="little"/>
    <property name="user.home" value="C:\Users\Dator"/>
    <property name="user.language" value="en"/>
    <property name="java.specification.vendor" value="Oracle Corporation"/>
    <property name="java.version.date" value="2025-01-21"/>
    <property name="java.home" value="C:\Program Files\Java\jdk-21"/>
    <property name="file.separator" value="\"/>
    <property name="basedir" value="C:\Users\Dator\Git\Group\groupAssignmentJUnitTest"/>
    <property name="java.vm.compressedOopsMode" value="Zero based"/>
    <property name="line.separator" value="&#10;"/>
    <property name="java.vm.specification.vendor" value="Oracle Corporation"/>
    <property name="java.specification.name" value="Java Platform API Specification"/>
    <property name="surefire.real.class.path" value="C:\Users\Dator\AppData\Local\Temp\surefire12181922471397096089\surefirebooter-20251014162847327_3.jar"/>
    <property name="user.script" value=""/>
    <property name="sun.management.compiler" value="HotSpot 64-Bit Tiered Compilers"/>
    <property name="java.runtime.version" value="21.0.6+8-LTS-188"/>
    <property name="user.name" value="Dator"/>
    <property name="stdout.encoding" value="Cp1252"/>
    <property name="path.separator" value=";"/>
    <property name="os.version" value="10.0"/>
    <property name="java.runtime.name" value="Java(TM) SE Runtime Environment"/>
    <property name="file.encoding" value="UTF-8"/>
    <property name="java.vm.name" value="Java HotSpot(TM) 64-Bit Server VM"/>
    <property name="maven.ext.class.path" value="C:\Users\Dator\.vscode\extensions\oracle.oracle-java-24.1.2\nbcode\java\maven-nblib\netbeans-eventspy.jar"/>
    <property name="localRepository" value="C:\Users\Dator\.m2\repository"/>
    <property name="java.vendor.url.bug" value="https://bugreport.java.com/bugreport/"/>
    <property name="java.io.tmpdir" value="C:\Users\Dator\AppData\Local\Temp\"/>
    <property name="java.version" value="21.0.6"/>
    <property name="user.dir" value="C:\Users\Dator\Git\Group\groupAssignmentJUnitTest"/>
    <property name="os.arch" value="amd64"/>
    <property name="java.vm.specification.name" value="Java Virtual Machine Specification"/>
    <property name="sun.os.patch.level" value=""/>
    <property name="native.encoding" value="Cp1252"/>
    <property name="java.library.path" value="C:\Program Files\Java\jdk-21\bin;C:\WINDOWS\Sun\Java\bin;C:\WINDOWS\system32;C:\WINDOWS;C:\Program Files\Eclipse Adoptium\jdk-21.0.6.7-hotspot\bin;C:\Program Files\Common Files\Oracle\Java\javapath;C:\Program Files (x86)\Common Files\Oracle\Java\java8path;C:\Program Files (x86)\Common Files\Oracle\Java\javapath;C:\WINDOWS\system32;C:\WINDOWS;C:\WINDOWS\System32\Wbem;C:\WINDOWS\System32\WindowsPowerShell\v1.0\;C:\WINDOWS\System32\OpenSSH\;C:\Program Files\dotnet\;C:\Program Files\GitExtensions\;C:\Program Files\Git\cmd;C:\Users\Dator\AppData\Local\Programs\Python\Launcher\;C:\Users\Dator\AppData\Local\Microsoft\WindowsApps;C:\Users\Dator\AppData\Local\Programs\Microsoft VS Code\bin;C:\Users\Dator\.dotnet\tools;C:\Users\Dator\AppData\Local\GitHubDesktop\bin;C:\Users\Dator\AppData\Local\Programs\Python\Python313;C:\Users\Dator\apache-maven-3.9.11;;."/>
    <property name="java.vm.info" value="mixed mode, sharing"/>
    <property name="stderr.encoding" value="Cp1252"/>
    <property name="java.vendor" value="Oracle Corporation"/>
    <property name="java.vm.version" value="21.0.6+8-LTS-188"/>
    <property name="sun.io.unicode.encoding" value="UnicodeLittle"/>
    <property name="java.class.version" value="65.0"/>
  </properties>
  <testcase name="testUserCanRetrunBookAsManyBooksPerDay" classname="dev.mygroup.LibraryTest" time="0.036">
    <system-out><![CDATA[Title: Harry Potter
Title: Harry Potter
Title: Hitchhiker's guide to the galaxy
Title: Hitchhiker's guide to the galaxy
Title: It ends with us
Title: It ends with us
Title: Ondskan
Title: Ondskan
Title: Tempelriddaren
Title: Tempelriddaren
Title: The Great Gatsby
Title: The Great Gatsby
Title: The Lord of the Rings
Title: The Lord of the Rings
You have successfully borrowed the book Harry Potter.

Title: Harry Potter
Title: Hitchhiker's guide to the galaxy
Title: Hitchhiker's guide to the galaxy
Title: It ends with us
Title: It ends with us
Title: Ondskan
Title: Ondskan
Title: Tempelriddaren
Title: Tempelriddaren
Title: The Great Gatsby
Title: The Great Gatsby
Title: The Lord of the Rings
Title: The Lord of the Rings
You have successfully borrowed the book Hitchhiker's guide to the galaxy.

Title: Harry Potter
Title: Hitchhiker's guide to the galaxy
Title: It ends with us
Title: It ends with us
Title: Ondskan
Title: Ondskan
Title: Tempelriddaren
Title: Tempelriddaren
Title: The Great Gatsby
Title: The Great Gatsby
Title: The Lord of the Rings
Title: The Lord of the Rings
You have successfully borrowed the book It ends with us.

Title: Harry Potter
Title: Hitchhiker's guide to the galaxy
Title: It ends with us
Title: Ondskan
Title: Ondskan
Title: Tempelriddaren
Title: Tempelriddaren
Title: The Great Gatsby
Title: The Great Gatsby
Title: The Lord of the Rings
Title: The Lord of the Rings
Title: Harry Potter
Title: Hitchhiker's guide to the galaxy
Title: It ends with us
Title: Ondskan
Title: Ondskan
Title: Tempelriddaren
Title: Tempelriddaren
Title: The Great Gatsby
Title: The Great Gatsby
Title: The Lord of the Rings
Title: The Lord of the Rings
You owe us 0 kr in late fees.

Title: Harry Potter
Title: Harry Potter
Title: Hitchhiker's guide to the galaxy
Title: It ends with us
Title: Ondskan
Title: Ondskan
Title: Tempelriddaren
Title: Tempelriddaren
Title: The Great Gatsby
Title: The Great Gatsby
Title: The Lord of the Rings
Title: The Lord of the Rings
You owe us 0 kr in late fees.

Title: Harry Potter
Title: Harry Potter
Title: Hitchhiker's guide to the galaxy
Title: Hitchhiker's guide to the galaxy
Title: It ends with us
Title: Ondskan
Title: Ondskan
Title: Tempelriddaren
Title: Tempelriddaren
Title: The Great Gatsby
Title: The Great Gatsby
Title: The Lord of the Rings
Title: The Lord of the Rings
You owe us 0 kr in late fees.

Title: Harry Potter
Title: Harry Potter
Title: Hitchhiker's guide to the galaxy
Title: Hitchhiker's guide to the galaxy
Title: It ends with us
Title: It ends with us
Title: Ondskan
Title: Ondskan
Title: Tempelriddaren
Title: Tempelriddaren
Title: The Great Gatsby
Title: The Great Gatsby
Title: The Lord of the Rings
Title: The Lord of the Rings
]]></system-out>
  </testcase>
  <testcase name="testBooksInStockListSouldDecreaseDuringBorrowing" classname="dev.mygroup.LibraryTest" time="0.002">
    <system-out><![CDATA[Title: Harry Potter
Title: Harry Potter
Title: Hitchhiker's guide to the galaxy
Title: Hitchhiker's guide to the galaxy
Title: It ends with us
Title: It ends with us
Title: Ondskan
Title: Ondskan
Title: Tempelriddaren
Title: Tempelriddaren
Title: The Great Gatsby
Title: The Great Gatsby
Title: The Lord of the Rings
Title: The Lord of the Rings
Title: Harry Potter
Title: Harry Potter
Title: Hitchhiker's guide to the galaxy
Title: Hitchhiker's guide to the galaxy
Title: It ends with us
Title: It ends with us
Title: Ondskan
Title: Ondskan
Title: Tempelriddaren
Title: Tempelriddaren
Title: The Great Gatsby
Title: The Great Gatsby
Title: The Lord of the Rings
Title: The Lord of the Rings
You have successfully borrowed the book Harry Potter.

Title: Harry Potter
Title: Hitchhiker's guide to the galaxy
Title: Hitchhiker's guide to the galaxy
Title: It ends with us
Title: It ends with us
Title: Ondskan
Title: Ondskan
Title: Tempelriddaren
Title: Tempelriddaren
Title: The Great Gatsby
Title: The Great Gatsby
Title: The Lord of the Rings
Title: The Lord of the Rings
]]></system-out>
  </testcase>
  <testcase name="testListBorrowedBooksBy" classname="dev.mygroup.LibraryTest" time="0.0"/>
  <testcase name="testListBorrowedBooks" classname="dev.mygroup.LibraryTest" time="0.0"/>
  <testcase name="testExtendFunctionResetsBorrowedDaysToZero" classname="dev.mygroup.LibraryTest" time="0.002">
    <system-out><![CDATA[Title: Harry Potter
Title: Harry Potter
Title: Hitchhiker's guide to the galaxy
Title: Hitchhiker's guide to the galaxy
Title: It ends with us
Title: It ends with us
Title: Ondskan
Title: Ondskan
Title: Tempelriddaren
Title: Tempelriddaren
Title: The Great Gatsby
Title: The Great Gatsby
Title: The Lord of the Rings
Title: The Lord of the Rings
You have successfully borrowed the book Harry Potter.

You have successfully extended time for this book Harry Potter today.
]]></system-out>
  </testcase>
  <testcase name="testUserCannotBorrowSameBookTitleAgain" classname="dev.mygroup.LibraryTest" time="0.0">
    <system-out><![CDATA[Title: Harry Potter
Title: Harry Potter
Title: Hitchhiker's guide to the galaxy
Title: Hitchhiker's guide to the galaxy
Title: It ends with us
Title: It ends with us
Title: Ondskan
Title: Ondskan
Title: Tempelriddaren
Title: Tempelriddaren
Title: The Great Gatsby
Title: The Great Gatsby
Title: The Lord of the Rings
Title: The Lord of the Rings
You have successfully borrowed the book Ondskan.

Sorry!You can borrow one book per day.
]]></system-out>
  </testcase>
  <testcase name="testFineAppliedAfterSevenDays" classname="dev.mygroup.LibraryTest" time="0.002">
    <system-out><![CDATA[Title: Harry Potter
Title: Harry Potter
Title: Hitchhiker's guide to the galaxy
Title: Hitchhiker's guide to the galaxy
Title: It ends with us
Title: It ends with us
Title: Ondskan
Title: Ondskan
Title: Tempelriddaren
Title: Tempelriddaren
Title: The Great Gatsby
Title: The Great Gatsby
Title: The Lord of the Rings
Title: The Lord of the Rings
You have successfully borrowed the book Harry Potter.

The book is 9 days late
Title: Harry Potter
Title: Hitchhiker's guide to the galaxy
Title: Hitchhiker's guide to the galaxy
Title: It ends with us
Title: It ends with us
Title: Ondskan
Title: Ondskan
Title: Tempelriddaren
Title: Tempelriddaren
Title: The Great Gatsby
Title: The Great Gatsby
Title: The Lord of the Rings
Title: The Lord of the Rings
You owe us 60 kr in late fees.

]]></system-out>
  </testcase>
  <testcase name="testUserCanBorrowOneBookPerDay" classname="dev.mygroup.LibraryTest" time="0.002">
    <system-out><![CDATA[Title: Harry Potter
Title: Harry Potter
Title: Hitchhiker's guide to the galaxy
Title: Hitchhiker's guide to the galaxy
Title: It ends with us
Title: It ends with us
Title: Ondskan
Title: Ondskan
Title: Tempelriddaren
Title: Tempelriddaren
Title: The Great Gatsby
Title: The Great Gatsby
Title: The Lord of the Rings
Title: The Lord of the Rings
You have successfully borrowed the book Harry Potter.

Sorry!You can borrow one book per day.
]]></system-out>
  </testcase>
  <testcase name="testListAvailableBooks" classname="dev.mygroup.LibraryTest" time="0.0"/>
  <testcase name="testAdvanceDay" classname="dev.mygroup.LibraryTest" time="0.0"/>
  <testcase name="testBorrowBookAddsToBorrowedList" classname="dev.mygroup.LibraryTest" time="0.001">
    <system-out><![CDATA[Title: Harry Potter
Title: Harry Potter
Title: Hitchhiker's guide to the galaxy
Title: Hitchhiker's guide to the galaxy
Title: It ends with us
Title: It ends with us
Title: Ondskan
Title: Ondskan
Title: Tempelriddaren
Title: Tempelriddaren
Title: The Great Gatsby
Title: The Great Gatsby
Title: The Lord of the Rings
Title: The Lord of the Rings
You have successfully borrowed the book Harry Potter.

]]></system-out>
  </testcase>
  <testcase name="testReturnBook" classname="dev.mygroup.LibraryTest" time="0.0"/>
  <testcase name="testMarkBookAsBorrowed" classname="dev.mygroup.LibraryTest" time="0.003">
    <system-out><![CDATA[Title: Harry Potter
Title: Harry Potter
Title: Hitchhiker's guide to the galaxy
Title: Hitchhiker's guide to the galaxy
Title: It ends with us
Title: It ends with us
Title: Ondskan
Title: Ondskan
Title: Tempelriddaren
Title: Tempelriddaren
Title: The Great Gatsby
Title: The Great Gatsby
Title: The Lord of the Rings
Title: The Lord of the Rings
You have successfully borrowed the book Harry Potter.

]]></system-out>
  </testcase>
  <testcase name="testUserCannotBorrowBookMoreThan5Times" classname="dev.mygroup.LibraryTest" time="0.002">
    <system-out><![CDATA[Title: Harry Potter
Title: Harry Potter
Title: Hitchhiker's guide to the galaxy
Title: Hitchhiker's guide to the galaxy
Title: It ends with us
Title: It ends with us
Title: Ondskan
Title: Ondskan
Title: Tempelriddaren
Title: Tempelriddaren
Title: The Great Gatsby
Title: The Great Gatsby
Title: The Lord of the Rings
Title: The Lord of the Rings
You have successfully borrowed the book Harry Potter.

Title: Harry Potter
Title: Hitchhiker's guide to the galaxy
Title: Hitchhiker's guide to the galaxy
Title: It ends with us
Title: It ends with us
Title: Ondskan
Title: Ondskan
Title: Tempelriddaren
Title: Tempelriddaren
Title: The Great Gatsby
Title: The Great Gatsby
Title: The Lord of the Rings
Title: The Lord of the Rings
You have successfully borrowed the book Hitchhiker's guide to the galaxy.

Title: Harry Potter
Title: Hitchhiker's guide to the galaxy
Title: It ends with us
Title: It ends with us
Title: Ondskan
Title: Ondskan
Title: Tempelriddaren
Title: Tempelriddaren
Title: The Great Gatsby
Title: The Great Gatsby
Title: The Lord of the Rings
Title: The Lord of the Rings
You have successfully borrowed the book It ends with us.

Title: Harry Potter
Title: Hitchhiker's guide to the galaxy
Title: It ends with us
Title: Ondskan
Title: Ondskan
Title: Tempelriddaren
Title: Tempelriddaren
Title: The Great Gatsby
Title: The Great Gatsby
Title: The Lord of the Rings
Title: The Lord of the Rings
You have successfully borrowed the book Ondskan.

Title: Harry Potter
Title: Hitchhiker's guide to the galaxy
Title: It ends with us
Title: Ondskan
Title: Tempelriddaren
Title: Tempelriddaren
Title: The Great Gatsby
Title: The Great Gatsby
Title: The Lord of the Rings
Title: The Lord of the Rings
You have successfully borrowed the book Tempelriddaren.

Sorry!You have already borrowed 5 books.
]]></system-out>
  </testcase>
  <testcase name="testExtendTime" classname="dev.mygroup.LibraryTest" time="0.0"/>
</testsuite>